<?xml version="1.0" encoding="UTF-8"?>
<testng-results skipped="0" failed="1" total="2" passed="1">
  <reporter-output>
  </reporter-output>
  <suite name="NavigatorSuite" duration-ms="72017" started-at="2017-05-26T07:00:26Z" finished-at="2017-05-26T07:01:38Z">
    <groups>
    </groups>
    <test name="NavigatorTest-Smoke" duration-ms="72017" started-at="2017-05-26T07:00:26Z" finished-at="2017-05-26T07:01:38Z">
      <class name="com.Schneider.DemandPortal.testcases.Startup_debug">
        <test-method status="PASS" signature="initWebDriver(java.lang.String, java.lang.String, java.lang.String, java.lang.String, java.lang.String, java.lang.String, java.lang.String, java.lang.String, java.lang.String, java.lang.String)[pri:0, instance:com.Schneider.DemandPortal.testcases.Startup_debug@6e8dacdf]" name="initWebDriver" is-config="true" duration-ms="7899" started-at="2017-05-26T12:30:18Z" finished-at="2017-05-26T12:30:26Z">
          <params>
            <param index="0">
              <value>
                <![CDATA[FIREFOX]]>
              </value>
            </param>
            <param index="1">
              <value>
                <![CDATA[11]]>
              </value>
            </param>
            <param index="2">
              <value>
                <![CDATA[WINDOWS]]>
              </value>
            </param>
            <param index="3">
              <value>
                <![CDATA[7]]>
              </value>
            </param>
            <param index="4">
              <value>
                <![CDATA[local]]>
              </value>
            </param>
            <param index="5">
              <value>
                <![CDATA[Navigator_TestData.properties]]>
              </value>
            </param>
            <param index="6">
              <value>
                <![CDATA[/SeleniumAutomationTesting/]]>
              </value>
            </param>
            <param index="7">
              <value>
                <![CDATA[debug]]>
              </value>
            </param>
            <param index="8">
              <value>
                <![CDATA[false]]>
              </value>
            </param>
            <param index="9">
              <value>
                <![CDATA[true]]>
              </value>
            </param>
          </params>
          <reporter-output>
          </reporter-output>
        </test-method> <!-- initWebDriver -->
        <test-method status="PASS" signature="openPortal()[pri:0, instance:com.Schneider.DemandPortal.testcases.Startup_debug@6e8dacdf]" name="openPortal" duration-ms="4043" started-at="2017-05-26T12:30:26Z" finished-at="2017-05-26T12:30:30Z">
          <reporter-output>
          </reporter-output>
        </test-method> <!-- openPortal -->
        <test-method status="PASS" signature="afterEachMethod()[pri:0, instance:com.Schneider.DemandPortal.testcases.Startup_debug@6e8dacdf]" name="afterEachMethod" is-config="true" duration-ms="108" started-at="2017-05-26T12:30:30Z" finished-at="2017-05-26T12:30:30Z">
          <reporter-output>
          </reporter-output>
        </test-method> <!-- afterEachMethod -->
        <test-method status="PASS" signature="quitWebDriver()[pri:0, instance:com.Schneider.DemandPortal.testcases.Startup_debug@6e8dacdf]" name="quitWebDriver" is-config="true" duration-ms="1127" started-at="2017-05-26T12:31:38Z" finished-at="2017-05-26T12:31:39Z">
          <reporter-output>
          </reporter-output>
        </test-method> <!-- quitWebDriver -->
      </class> <!-- com.Schneider.DemandPortal.testcases.Startup_debug -->
      <class name="com.Schneider.DemandPortal.testcases.SmokeTestCase">
        <test-method status="FAIL" signature="fileupload()[pri:3, instance:com.Schneider.DemandPortal.testcases.SmokeTestCase@7a79be86]" name="fileupload" duration-ms="67660" started-at="2017-05-26T12:30:30Z" finished-at="2017-05-26T12:31:38Z">
          <exception class="java.lang.AssertionError">
            <message>
              <![CDATA[expected [true] but found [false]]]>
            </message>
            <full-stacktrace>
              <![CDATA[java.lang.AssertionError: expected [true] but found [false]
	at org.testng.Assert.fail(Assert.java:94)
	at org.testng.Assert.failNotEquals(Assert.java:496)
	at org.testng.Assert.assertTrue(Assert.java:42)
	at org.testng.Assert.assertTrue(Assert.java:52)
	at com.Schneider.commonUtils.WebObjectUtil.stopCurrentTestExecution(WebObjectUtil.java:1849)
	at com.Schneider.commonUtils.WebObjectUtil.clickElement(WebObjectUtil.java:494)
	at com.Schneider.DemandPortal.testcases.LoginTestCase.logout(LoginTestCase.java:64)
	at com.Schneider.DemandPortal.testcases.SmokeTestCase.fileupload(SmokeTestCase.java:212)
	at sun.reflect.NativeMethodAccessorImpl.invoke0(Native Method)
	at sun.reflect.NativeMethodAccessorImpl.invoke(NativeMethodAccessorImpl.java:62)
	at sun.reflect.DelegatingMethodAccessorImpl.invoke(DelegatingMethodAccessorImpl.java:43)
	at java.lang.reflect.Method.invoke(Method.java:498)
	at org.testng.internal.MethodInvocationHelper.invokeMethod(MethodInvocationHelper.java:85)
	at org.testng.internal.Invoker.invokeMethod(Invoker.java:639)
	at org.testng.internal.Invoker.invokeTestMethod(Invoker.java:816)
	at org.testng.internal.Invoker.invokeTestMethods(Invoker.java:1124)
	at org.testng.internal.TestMethodWorker.invokeTestMethods(TestMethodWorker.java:125)
	at org.testng.internal.TestMethodWorker.run(TestMethodWorker.java:108)
	at org.testng.TestRunner.privateRun(TestRunner.java:774)
	at org.testng.TestRunner.run(TestRunner.java:624)
	at org.testng.SuiteRunner.runTest(SuiteRunner.java:359)
	at org.testng.SuiteRunner.runSequentially(SuiteRunner.java:354)
	at org.testng.SuiteRunner.privateRun(SuiteRunner.java:312)
	at org.testng.SuiteRunner.run(SuiteRunner.java:261)
	at org.testng.SuiteRunnerWorker.runSuite(SuiteRunnerWorker.java:52)
	at org.testng.SuiteRunnerWorker.run(SuiteRunnerWorker.java:86)
	at org.testng.TestNG.runSuitesSequentially(TestNG.java:1215)
	at org.testng.TestNG.runSuitesLocally(TestNG.java:1140)
	at org.testng.TestNG.run(TestNG.java:1048)
	at org.testng.TestNG.privateMain(TestNG.java:1355)
	at org.testng.TestNG.main(TestNG.java:1324)
]]>
            </full-stacktrace>
          </exception> <!-- java.lang.AssertionError -->
          <reporter-output>
          </reporter-output>
        </test-method> <!-- fileupload -->
        <test-method status="PASS" signature="afterEachMethod()[pri:0, instance:com.Schneider.DemandPortal.testcases.SmokeTestCase@7a79be86]" name="afterEachMethod" is-config="true" duration-ms="83" started-at="2017-05-26T12:31:38Z" finished-at="2017-05-26T12:31:38Z">
          <reporter-output>
          </reporter-output>
        </test-method> <!-- afterEachMethod -->
        <test-method status="PASS" signature="afterTest()[pri:0, instance:com.Schneider.DemandPortal.testcases.SmokeTestCase@7a79be86]" name="afterTest" is-config="true" duration-ms="112" started-at="2017-05-26T12:31:38Z" finished-at="2017-05-26T12:31:38Z">
          <reporter-output>
          </reporter-output>
        </test-method> <!-- afterTest -->
      </class> <!-- com.Schneider.DemandPortal.testcases.SmokeTestCase -->
    </test> <!-- NavigatorTest-Smoke -->
  </suite> <!-- NavigatorSuite -->
</testng-results>
