<?xml version="1.0" encoding="UTF-8"?>
<!-- Generated by org.testng.reporters.JUnitReportReporter -->
<testsuite hostname="CLD-LAB0-QAA01" name="com.whs.navigator.testcases.DeleteTestCase" tests="1" failures="0" timestamp="24 Oct 2016 10:54:45 GMT" time="0.001" errors="1">
  <testcase name="navDeleteCatalog" time="0.001" classname="com.whs.navigator.testcases.DeleteTestCase">
    <error type="org.testng.TestNGException" message="
Parameter &#039;pickBrowserBasedOnDay&#039; is required by @Configuration on method initWebDriver but has not been marked @Optional or defined
in D:\Navigator-MasterWorkSpace\WHS_Navigator_Development1\testng_debug_Sukur.xml">
      <![CDATA[org.testng.TestNGException: 
Parameter 'pickBrowserBasedOnDay' is required by @Configuration on method initWebDriver but has not been marked @Optional or defined
in D:\Navigator-MasterWorkSpace\WHS_Navigator_Development1\testng_debug_Sukur.xml
	at org.testng.internal.Parameters.createParameters(Parameters.java:154)
	at org.testng.internal.Parameters.createParameters(Parameters.java:361)
	at org.testng.internal.Parameters.createConfigurationParameters(Parameters.java:84)
	at org.testng.internal.Invoker.invokeConfigurations(Invoker.java:197)
	at org.testng.internal.Invoker.invokeConfigurations(Invoker.java:138)
	at org.testng.SuiteRunner.privateRun(SuiteRunner.java:298)
	at org.testng.SuiteRunner.run(SuiteRunner.java:261)
	at org.testng.SuiteRunnerWorker.runSuite(SuiteRunnerWorker.java:52)
	at org.testng.SuiteRunnerWorker.run(SuiteRunnerWorker.java:86)
	at org.testng.TestNG.runSuitesSequentially(TestNG.java:1215)
	at org.testng.TestNG.runSuitesLocally(TestNG.java:1140)
	at org.testng.TestNG.run(TestNG.java:1048)
	at org.testng.remote.RemoteTestNG.run(RemoteTestNG.java:112)
	at org.testng.remote.RemoteTestNG.initAndRun(RemoteTestNG.java:205)
	at org.testng.remote.RemoteTestNG.main(RemoteTestNG.java:176)
]]>
    </error>
  </testcase> <!-- navDeleteCatalog -->
</testsuite> <!-- com.whs.navigator.testcases.DeleteTestCase -->
