<?xml version="1.0" encoding="UTF-8"?>
<!-- Generated by org.testng.reporters.JUnitReportReporter -->
<testsuite hostname="CLD-LAB0-QAA01" name="com.whs.navigator.testcases.valen.ValenTestCase_SLP" tests="11" failures="0" timestamp="16 May 2017 14:08:22 GMT" time="5150.042" errors="4">
  <testcase name="verifyStoragePDFandCSVforkirkjUser" time="236.796" classname="com.whs.navigator.testcases.valen.ValenTestCase_SLP"/>
  <testcase name="verifyByincreasingQuotaforanyStorageTier" time="1611.438" classname="com.whs.navigator.testcases.valen.ValenTestCase_SLP">
    <error type="java.lang.AssertionError" message="expected [true] but found [false]">
      <![CDATA[java.lang.AssertionError: expected [true] but found [false]
	at org.testng.Assert.fail(Assert.java:94)
	at org.testng.Assert.failNotEquals(Assert.java:494)
	at org.testng.Assert.assertTrue(Assert.java:42)
	at org.testng.Assert.assertTrue(Assert.java:52)
	at com.whs.navigator.commonUtil.WebObjectUtil.stopCurrentTestExecution(WebObjectUtil.java:1846)
	at com.whs.navigator.commonUtil.WebObjectUtil.clickElement(WebObjectUtil.java:491)
	at com.whs.navigator.testcases.NavigatorCommonMethods.navigateToEVDCOverview(NavigatorCommonMethods.java:882)
	at com.whs.navigator.testcases.NavigatorCommonMethods.navigateToStorageProfile(NavigatorCommonMethods.java:977)
	at com.whs.navigator.testcases.valen.ValenTestCase_SLP.validateQuotaForanyStorageTier(ValenTestCase_SLP.java:1506)
	at com.whs.navigator.testcases.valen.ValenTestCase_SLP.verifyByincreasingQuotaforanyStorageTier(ValenTestCase_SLP.java:633)
	at sun.reflect.NativeMethodAccessorImpl.invoke0(Native Method)
	at sun.reflect.NativeMethodAccessorImpl.invoke(Unknown Source)
	at sun.reflect.DelegatingMethodAccessorImpl.invoke(Unknown Source)
	at java.lang.reflect.Method.invoke(Unknown Source)
	at org.testng.internal.MethodInvocationHelper.invokeMethod(MethodInvocationHelper.java:84)
	at org.testng.internal.Invoker.invokeMethod(Invoker.java:714)
	at org.testng.internal.Invoker.invokeTestMethod(Invoker.java:901)
	at org.testng.internal.Invoker.invokeTestMethods(Invoker.java:1231)
	at org.testng.internal.TestMethodWorker.invokeTestMethods(TestMethodWorker.java:127)
	at org.testng.internal.TestMethodWorker.run(TestMethodWorker.java:111)
	at org.testng.TestRunner.privateRun(TestRunner.java:767)
	at org.testng.TestRunner.run(TestRunner.java:617)
	at org.testng.SuiteRunner.runTest(SuiteRunner.java:334)
	at org.testng.SuiteRunner.runSequentially(SuiteRunner.java:329)
	at org.testng.SuiteRunner.privateRun(SuiteRunner.java:291)
	at org.testng.SuiteRunner.run(SuiteRunner.java:240)
	at org.testng.SuiteRunnerWorker.runSuite(SuiteRunnerWorker.java:52)
	at org.testng.SuiteRunnerWorker.run(SuiteRunnerWorker.java:86)
	at org.testng.TestNG.runSuitesSequentially(TestNG.java:1224)
	at org.testng.TestNG.runSuitesLocally(TestNG.java:1149)
	at org.testng.TestNG.run(TestNG.java:1057)
	at org.testng.remote.RemoteTestNG.run(RemoteTestNG.java:111)
	at org.testng.remote.RemoteTestNG.initAndRun(RemoteTestNG.java:204)
	at org.testng.remote.RemoteTestNG.main(RemoteTestNG.java:175)
]]>
    </error>
  </testcase> <!-- verifyByincreasingQuotaforanyStorageTier -->
  <testcase name="verifyErrorMsgByIncreasingQuotaBeyondMaxvalue" time="157.751" classname="com.whs.navigator.testcases.valen.ValenTestCase_SLP"/>
  <testcase name="verifyQuotaButtonNotavaialbleforNonStorageTier" time="480.675" classname="com.whs.navigator.testcases.valen.ValenTestCase_SLP"/>
  <testcase name="verifyCommittedValueinRedForStorageTier" time="228.042" classname="com.whs.navigator.testcases.valen.ValenTestCase_SLP"/>
  <testcase name="verifyBydecresingQuotawhereCommitisHigher" time="647.321" classname="com.whs.navigator.testcases.valen.ValenTestCase_SLP">
    <error type="java.lang.AssertionError" message="expected [true] but found [false]">
      <![CDATA[java.lang.AssertionError: expected [true] but found [false]
	at org.testng.Assert.fail(Assert.java:94)
	at org.testng.Assert.failNotEquals(Assert.java:494)
	at org.testng.Assert.assertTrue(Assert.java:42)
	at org.testng.Assert.assertTrue(Assert.java:52)
	at com.whs.navigator.commonUtil.WebObjectUtil.stopCurrentTestExecution(WebObjectUtil.java:1846)
	at com.whs.navigator.commonUtil.WebObjectUtil.clickElement(WebObjectUtil.java:491)
	at com.whs.navigator.testcases.valen.ValenTestCase_SLP.verifyBydecresingQuotawhereCommitisHigher(ValenTestCase_SLP.java:571)
	at sun.reflect.NativeMethodAccessorImpl.invoke0(Native Method)
	at sun.reflect.NativeMethodAccessorImpl.invoke(Unknown Source)
	at sun.reflect.DelegatingMethodAccessorImpl.invoke(Unknown Source)
	at java.lang.reflect.Method.invoke(Unknown Source)
	at org.testng.internal.MethodInvocationHelper.invokeMethod(MethodInvocationHelper.java:84)
	at org.testng.internal.Invoker.invokeMethod(Invoker.java:714)
	at org.testng.internal.Invoker.invokeTestMethod(Invoker.java:901)
	at org.testng.internal.Invoker.invokeTestMethods(Invoker.java:1231)
	at org.testng.internal.TestMethodWorker.invokeTestMethods(TestMethodWorker.java:127)
	at org.testng.internal.TestMethodWorker.run(TestMethodWorker.java:111)
	at org.testng.TestRunner.privateRun(TestRunner.java:767)
	at org.testng.TestRunner.run(TestRunner.java:617)
	at org.testng.SuiteRunner.runTest(SuiteRunner.java:334)
	at org.testng.SuiteRunner.runSequentially(SuiteRunner.java:329)
	at org.testng.SuiteRunner.privateRun(SuiteRunner.java:291)
	at org.testng.SuiteRunner.run(SuiteRunner.java:240)
	at org.testng.SuiteRunnerWorker.runSuite(SuiteRunnerWorker.java:52)
	at org.testng.SuiteRunnerWorker.run(SuiteRunnerWorker.java:86)
	at org.testng.TestNG.runSuitesSequentially(TestNG.java:1224)
	at org.testng.TestNG.runSuitesLocally(TestNG.java:1149)
	at org.testng.TestNG.run(TestNG.java:1057)
	at org.testng.remote.RemoteTestNG.run(RemoteTestNG.java:111)
	at org.testng.remote.RemoteTestNG.initAndRun(RemoteTestNG.java:204)
	at org.testng.remote.RemoteTestNG.main(RemoteTestNG.java:175)
]]>
    </error>
  </testcase> <!-- verifyBydecresingQuotawhereCommitisHigher -->
  <testcase name="verifyAllocatedandQuotainStorageTier" time="149.571" classname="com.whs.navigator.testcases.valen.ValenTestCase_SLP"/>
  <testcase name="verifyLearnMoreLinkForStorageTier" time="660.647" classname="com.whs.navigator.testcases.valen.ValenTestCase_SLP">
    <error type="java.lang.AssertionError" message="expected [true] but found [false]">
      <![CDATA[java.lang.AssertionError: expected [true] but found [false]
	at org.testng.Assert.fail(Assert.java:94)
	at org.testng.Assert.failNotEquals(Assert.java:494)
	at org.testng.Assert.assertTrue(Assert.java:42)
	at org.testng.Assert.assertTrue(Assert.java:52)
	at com.whs.navigator.commonUtil.WebObjectUtil.stopCurrentTestExecution(WebObjectUtil.java:1846)
	at com.whs.navigator.commonUtil.WebObjectUtil.clickElement(WebObjectUtil.java:491)
	at com.whs.navigator.testcases.valen.ValenTestCase_SLP.verifyLearnMoreLinkQuota(ValenTestCase_SLP.java:1465)
	at com.whs.navigator.testcases.valen.ValenTestCase_SLP.verifyLearnMoreLinkForStorageTier(ValenTestCase_SLP.java:687)
	at sun.reflect.NativeMethodAccessorImpl.invoke0(Native Method)
	at sun.reflect.NativeMethodAccessorImpl.invoke(Unknown Source)
	at sun.reflect.DelegatingMethodAccessorImpl.invoke(Unknown Source)
	at java.lang.reflect.Method.invoke(Unknown Source)
	at org.testng.internal.MethodInvocationHelper.invokeMethod(MethodInvocationHelper.java:84)
	at org.testng.internal.Invoker.invokeMethod(Invoker.java:714)
	at org.testng.internal.Invoker.invokeTestMethod(Invoker.java:901)
	at org.testng.internal.Invoker.invokeTestMethods(Invoker.java:1231)
	at org.testng.internal.TestMethodWorker.invokeTestMethods(TestMethodWorker.java:127)
	at org.testng.internal.TestMethodWorker.run(TestMethodWorker.java:111)
	at org.testng.TestRunner.privateRun(TestRunner.java:767)
	at org.testng.TestRunner.run(TestRunner.java:617)
	at org.testng.SuiteRunner.runTest(SuiteRunner.java:334)
	at org.testng.SuiteRunner.runSequentially(SuiteRunner.java:329)
	at org.testng.SuiteRunner.privateRun(SuiteRunner.java:291)
	at org.testng.SuiteRunner.run(SuiteRunner.java:240)
	at org.testng.SuiteRunnerWorker.runSuite(SuiteRunnerWorker.java:52)
	at org.testng.SuiteRunnerWorker.run(SuiteRunnerWorker.java:86)
	at org.testng.TestNG.runSuitesSequentially(TestNG.java:1224)
	at org.testng.TestNG.runSuitesLocally(TestNG.java:1149)
	at org.testng.TestNG.run(TestNG.java:1057)
	at org.testng.remote.RemoteTestNG.run(RemoteTestNG.java:111)
	at org.testng.remote.RemoteTestNG.initAndRun(RemoteTestNG.java:204)
	at org.testng.remote.RemoteTestNG.main(RemoteTestNG.java:175)
]]>
    </error>
  </testcase> <!-- verifyLearnMoreLinkForStorageTier -->
  <testcase name="verifyBydecreasingQuotawhereAllocationisHigher" time="657.474" classname="com.whs.navigator.testcases.valen.ValenTestCase_SLP">
    <error type="java.lang.AssertionError" message="expected [true] but found [false]">
      <![CDATA[java.lang.AssertionError: expected [true] but found [false]
	at org.testng.Assert.fail(Assert.java:94)
	at org.testng.Assert.failNotEquals(Assert.java:494)
	at org.testng.Assert.assertTrue(Assert.java:42)
	at org.testng.Assert.assertTrue(Assert.java:52)
	at com.whs.navigator.commonUtil.WebObjectUtil.stopCurrentTestExecution(WebObjectUtil.java:1846)
	at com.whs.navigator.commonUtil.WebObjectUtil.clickElement(WebObjectUtil.java:491)
	at com.whs.navigator.testcases.valen.ValenTestCase_SLP.verifyBydecreasingQuotawhereAllocationisHigher(ValenTestCase_SLP.java:321)
	at sun.reflect.NativeMethodAccessorImpl.invoke0(Native Method)
	at sun.reflect.NativeMethodAccessorImpl.invoke(Unknown Source)
	at sun.reflect.DelegatingMethodAccessorImpl.invoke(Unknown Source)
	at java.lang.reflect.Method.invoke(Unknown Source)
	at org.testng.internal.MethodInvocationHelper.invokeMethod(MethodInvocationHelper.java:84)
	at org.testng.internal.Invoker.invokeMethod(Invoker.java:714)
	at org.testng.internal.Invoker.invokeTestMethod(Invoker.java:901)
	at org.testng.internal.Invoker.invokeTestMethods(Invoker.java:1231)
	at org.testng.internal.TestMethodWorker.invokeTestMethods(TestMethodWorker.java:127)
	at org.testng.internal.TestMethodWorker.run(TestMethodWorker.java:111)
	at org.testng.TestRunner.privateRun(TestRunner.java:767)
	at org.testng.TestRunner.run(TestRunner.java:617)
	at org.testng.SuiteRunner.runTest(SuiteRunner.java:334)
	at org.testng.SuiteRunner.runSequentially(SuiteRunner.java:329)
	at org.testng.SuiteRunner.privateRun(SuiteRunner.java:291)
	at org.testng.SuiteRunner.run(SuiteRunner.java:240)
	at org.testng.SuiteRunnerWorker.runSuite(SuiteRunnerWorker.java:52)
	at org.testng.SuiteRunnerWorker.run(SuiteRunnerWorker.java:86)
	at org.testng.TestNG.runSuitesSequentially(TestNG.java:1224)
	at org.testng.TestNG.runSuitesLocally(TestNG.java:1149)
	at org.testng.TestNG.run(TestNG.java:1057)
	at org.testng.remote.RemoteTestNG.run(RemoteTestNG.java:111)
	at org.testng.remote.RemoteTestNG.initAndRun(RemoteTestNG.java:204)
	at org.testng.remote.RemoteTestNG.main(RemoteTestNG.java:175)
]]>
    </error>
  </testcase> <!-- verifyBydecreasingQuotawhereAllocationisHigher -->
  <testcase name="verifyGraphindicatorByChangingQuotavalue" time="160.519" classname="com.whs.navigator.testcases.valen.ValenTestCase_SLP"/>
  <testcase name="verifyErrorMsgByDecreasingQuotaBeyondMinvalue" time="159.808" classname="com.whs.navigator.testcases.valen.ValenTestCase_SLP"/>
</testsuite> <!-- com.whs.navigator.testcases.valen.ValenTestCase_SLP -->
